<?xml version="1.0" encoding="UTF-8"?>
<!-- Generated by org.testng.reporters.JUnitReportReporter -->
<testsuite hostname="DESKTOP-328P50G" name="tests.TestLogin" tests="2" failures="0" timestamp="12 Jun 2023 23:35:22 GMT" time="72.214" errors="0">
  <testcase name="loginWithInValidCredentials" time="31.349" classname="tests.TestLogin"/>
  <testcase name="loginWithValidCredentials" time="40.865" classname="tests.TestLogin"/>
</testsuite> <!-- tests.TestLogin -->
